<?xml version="1.0" encoding="UTF-8"?>
<testsuite xmlns:xsi="http://www.w3.org/2001/XMLSchema-instance" xsi:noNamespaceSchemaLocation="https://maven.apache.org/surefire/maven-surefire-plugin/xsd/surefire-test-report-3.0.xsd" version="3.0" name="example.SnakeTest" time="0.036" tests="10" errors="0" skipped="0" failures="0">
  <properties>
[...]
</properties>
  <testcase name="snakeMovesRightForRightControls" classname="example.SnakeTest" time="0.003"/>
  <testcase name="snakeMovesDownForRightControls" classname="example.SnakeTest" time="0.003"/>
  <testcase name="snakeMovesRightForLeftControls" classname="example.SnakeTest" time="0.002"/>
  <testcase name="snakeMovesLeftForRightControls" classname="example.SnakeTest" time="0.002"/>
  <testcase name="snakeMovesLeftForLeftControls" classname="example.SnakeTest" time="0.001"/>
  <testcase name="snakeMovesUpForRightControls" classname="example.SnakeTest" time="0.002"/>
  <testcase name="snakeMovesUpForLeftControls" classname="example.SnakeTest" time="0.001"/>
  <testcase name="snakeMovesDownForLeftControls" classname="example.SnakeTest" time="0.002"/>
  <testcase name="snakeDiesWhenOutOfBounds" classname="example.SnakeTest" time="0.002"/>
  <testcase name="snakeEatsBody" classname="example.SnakeTest" time="0.001"/>
</testsuite>